<?xml version="1.0" encoding="UTF-8"?>
<!-- Generated by org.testng.reporters.JUnitXMLReporter -->
<testsuite hostname="seths-mbp.domain" name="Surefire test" tests="4" failures="0" timestamp="16 Mar 2016 02:59:59 GMT" time="38.548" errors="0">
  <testcase name="navigateTo on navigateTo(com.webdriver.LoadAsk)" time="2.006" classname="com.webdriver.LoadAsk"/>
  <testcase name="navigateTo on navigateTo(com.webdriver.LoadBing)" time="2.001" classname="com.webdriver.LoadBing"/>
  <testcase name="navigateTo on navigateTo(com.webdriver.LoadGoogle)" time="2.116" classname="com.webdriver.LoadGoogle"/>
  <testcase name="navigateTo on navigateTo(com.webdriver.LoadYahoo)" time="3.941" classname="com.webdriver.LoadYahoo"/>
</testsuite> <!-- Surefire test -->
