<?xml version="1.0" encoding="UTF-8"?>
<!-- Generated by org.testng.reporters.JUnitXMLReporter -->
<testsuite hostname="seths-mbp.domain" name="Surefire test" tests="4" failures="0" timestamp="16 Mar 2016 01:02:30 GMT" time="33.853" errors="0">
  <testcase name="navigateTo on navigateTo(com.webdriver.LoadAsk)" time="2.005" classname="com.webdriver.LoadAsk"/>
  <testcase name="navigateTo on navigateTo(com.webdriver.LoadBing)" time="2.002" classname="com.webdriver.LoadBing"/>
  <testcase name="navigateTo on navigateTo(com.webdriver.LoadGoogle)" time="2.118" classname="com.webdriver.LoadGoogle"/>
  <testcase name="navigateTo on navigateTo(com.webdriver.LoadYahoo)" time="4.325" classname="com.webdriver.LoadYahoo"/>
</testsuite> <!-- Surefire test -->
